[    20.538] 
X.Org X Server 1.21.1.4
X Protocol Version 11, Revision 0
[    20.540] Current Operating System: Linux gentacer 5.15.59-gentoo-x86_64 #5 SMP Sat Aug 13 14:14:36 -00 2022 x86_64
[    20.540] Kernel command line: BOOT_IMAGE=/boot/vmlinuz-5.15.59-gentoo-x86_64 root=UUID=97c31abf-393a-4fc6-b48f-c81588a11ed4 ro
[    20.541]  
[    20.541] Current version of pixman: 0.40.0
[    20.542] 	Before reporting problems, check http://wiki.x.org
	to make sure that you have the latest version.
[    20.542] Markers: (--) probed, (**) from config file, (==) default setting,
	(++) from command line, (!!) notice, (II) informational,
	(WW) warning, (EE) error, (NI) not implemented, (??) unknown.
[    20.544] (==) Log file: "/home/prxvvy/.local/share/xorg/Xorg.0.log", Time: Sat Aug 13 18:09:20 2022
[    20.546] (==) Using config file: "/etc/X11/xorg.conf"
[    20.546] (==) Using system config directory "/usr/share/X11/xorg.conf.d"
[    20.549] (==) ServerLayout "Layout0"
[    20.549] (**) |-->Screen "Screen0" (0)
[    20.549] (**) |   |-->Monitor "Monitor0"
[    20.549] (**) |   |-->Device "Device0"
[    20.549] (**) |-->Input Device "Keyboard0"
[    20.549] (**) |-->Input Device "Mouse0"
[    20.549] (==) Automatically adding devices
[    20.549] (==) Automatically enabling devices
[    20.549] (==) Automatically adding GPU devices
[    20.549] (==) Automatically binding GPU devices
[    20.549] (==) Max clients allowed: 256, resource mask: 0x1fffff
[    20.550] (WW) The directory "/usr/share/fonts/misc" does not exist.
[    20.550] 	Entry deleted from font path.
[    20.550] (WW) The directory "/usr/share/fonts/TTF" does not exist.
[    20.550] 	Entry deleted from font path.
[    20.550] (WW) The directory "/usr/share/fonts/OTF" does not exist.
[    20.550] 	Entry deleted from font path.
[    20.550] (WW) The directory "/usr/share/fonts/Type1" does not exist.
[    20.550] 	Entry deleted from font path.
[    20.550] (WW) The directory "/usr/share/fonts/100dpi" does not exist.
[    20.550] 	Entry deleted from font path.
[    20.550] (WW) The directory "/usr/share/fonts/75dpi" does not exist.
[    20.550] 	Entry deleted from font path.
[    20.550] (==) FontPath set to:
	
[    20.550] (==) ModulePath set to "/usr/lib64/xorg/modules"
[    20.550] (WW) Hotplugging is on, devices using drivers 'kbd', 'mouse' or 'vmmouse' will be disabled.
[    20.550] (WW) Disabling Keyboard0
[    20.550] (WW) Disabling Mouse0
[    20.550] (II) Module ABI versions:
[    20.550] 	X.Org ANSI C Emulation: 0.4
[    20.550] 	X.Org Video Driver: 25.2
[    20.550] 	X.Org XInput driver : 24.4
[    20.550] 	X.Org Server Extension : 10.0
[    20.550] (++) using VT number 1

[    20.551] (II) systemd-logind: took control of session /org/freedesktop/login1/session/_31
[    20.552] (--) PCI:*(0@0:2:0) 8086:9bc4:1025:143d rev 5, Mem @ 0x6202000000/16777216, 0x4000000000/268435456, I/O @ 0x00005000/64, BIOS @ 0x????????/131072
[    20.552] (--) PCI: (1@0:0:0) 10de:2520:1025:143e rev 161, Mem @ 0xa0000000/16777216, 0x6000000000/8589934592, 0x6200000000/33554432, I/O @ 0x00004000/128, BIOS @ 0x????????/524288
[    20.552] (II) LoadModule: "glx"
[    20.553] (II) Loading /usr/lib64/xorg/modules/extensions/libglx.so
[    20.557] (II) Module glx: vendor="X.Org Foundation"
[    20.557] 	compiled for 1.21.1.4, module version = 1.0.0
[    20.557] 	ABI class: X.Org Server Extension, version 10.0
[    20.557] (II) LoadModule: "nvidia"
[    20.557] (II) Loading /usr/lib64/xorg/modules/drivers/nvidia_drv.so
[    20.559] (II) Module nvidia: vendor="NVIDIA Corporation"
[    20.559] 	compiled for 1.6.99.901, module version = 1.0.0
[    20.559] 	Module class: X.Org Video Driver
[    20.560] (II) NVIDIA dlloader X Driver  510.73.05  Sat May  7 05:29:47 UTC 2022
[    20.560] (II) NVIDIA Unified Driver for all Supported NVIDIA GPUs
[    20.560] (II) Loading sub module "fb"
[    20.560] (II) LoadModule: "fb"
[    20.560] (II) Module "fb" already built-in
[    20.560] (II) Loading sub module "wfb"
[    20.560] (II) LoadModule: "wfb"
[    20.560] (II) Loading /usr/lib64/xorg/modules/libwfb.so
[    20.560] (II) Module wfb: vendor="X.Org Foundation"
[    20.560] 	compiled for 1.21.1.4, module version = 1.0.0
[    20.560] 	ABI class: X.Org ANSI C Emulation, version 0.4
[    20.560] (II) Loading sub module "ramdac"
[    20.560] (II) LoadModule: "ramdac"
[    20.560] (II) Module "ramdac" already built-in
[    20.562] (WW) VGA arbiter: cannot open kernel arbiter, no multi-card support
[    20.562] (**) NVIDIA(0): Depth 24, (--) framebuffer bpp 32
[    20.562] (==) NVIDIA(0): RGB weight 888
[    20.562] (==) NVIDIA(0): Default visual is TrueColor
[    20.562] (==) NVIDIA(0): Using gamma correction (1.0, 1.0, 1.0)
[    20.562] (**) NVIDIA(0): Enabling 2D acceleration
[    20.562] (II) Loading sub module "glxserver_nvidia"
[    20.562] (II) LoadModule: "glxserver_nvidia"
[    20.562] (II) Loading /usr/lib64/xorg/modules/extensions/libglxserver_nvidia.so
[    20.577] (II) Module glxserver_nvidia: vendor="NVIDIA Corporation"
[    20.577] 	compiled for 1.6.99.901, module version = 1.0.0
[    20.577] 	Module class: X.Org Server Extension
[    20.577] (II) NVIDIA GLX Module  510.73.05  Sat May  7 05:24:37 UTC 2022
[    20.578] (II) NVIDIA: The X server supports PRIME Render Offload.
[    21.729] (--) NVIDIA(0): Valid display device(s) on GPU-0 at PCI:1:0:0
[    21.729] (--) NVIDIA(0):     DFP-0
[    21.729] (WW) NVIDIA: No DRM device: No direct render devices found.
[    21.729] (II) NVIDIA(0): NVIDIA GPU NVIDIA GeForce RTX 3060 Laptop GPU (GA106-A) at
[    21.729] (II) NVIDIA(0):     PCI:1:0:0 (GPU-0)
[    21.729] (--) NVIDIA(0): Memory: 6291456 kBytes
[    21.729] (--) NVIDIA(0): VideoBIOS: 94.06.0f.00.ae
[    21.729] (II) NVIDIA(0): Detected PCI Express Link width: 16X
[    21.729] (--) NVIDIA(GPU-0): DFP-0: disconnected
[    21.729] (--) NVIDIA(GPU-0): DFP-0: Internal TMDS
[    21.729] (--) NVIDIA(GPU-0): DFP-0: 165.0 MHz maximum pixel clock
[    21.729] (--) NVIDIA(GPU-0): 
[    21.729] (==) NVIDIA(0): 
[    21.729] (==) NVIDIA(0): No modes were requested; the default mode "nvidia-auto-select"
[    21.729] (==) NVIDIA(0):     will be used as the requested mode.
[    21.729] (==) NVIDIA(0): 
[    21.729] (--) NVIDIA(0): No enabled display devices found; starting anyway because
[    21.729] (--) NVIDIA(0):     AllowEmptyInitialConfiguration is enabled
[    21.729] (II) NVIDIA(0): Validated MetaModes:
[    21.729] (II) NVIDIA(0):     "NULL"
[    21.729] (II) NVIDIA(0): Virtual screen size determined to be 640 x 480
[    21.729] (WW) NVIDIA(0): Unable to get display device for DPI computation.
[    21.729] (==) NVIDIA(0): DPI set to (75, 75); computed from built-in default
[    21.729] (WW) NVIDIA: Failed to bind sideband socket to
[    21.729] (WW) NVIDIA:     '/var/run/nvidia-xdriver-a27418d4' Permission denied
[    21.730] (II) NVIDIA: Reserving 24576.00 MB of virtual memory for indirect memory
[    21.730] (II) NVIDIA:     access.
[    21.736] (II) NVIDIA(0): ACPI: failed to connect to the ACPI event daemon; the daemon
[    21.736] (II) NVIDIA(0):     may not be running or the "AcpidSocketPath" X
[    21.736] (II) NVIDIA(0):     configuration option may not be set correctly.  When the
[    21.736] (II) NVIDIA(0):     ACPI event daemon is available, the NVIDIA X driver will
[    21.736] (II) NVIDIA(0):     try to use it to receive ACPI event notifications.  For
[    21.736] (II) NVIDIA(0):     details, please see the "ConnectToAcpid" and
[    21.736] (II) NVIDIA(0):     "AcpidSocketPath" X configuration options in Appendix B: X
[    21.736] (II) NVIDIA(0):     Config Options in the README.
[    21.749] (II) NVIDIA(0): Setting mode "NULL"
[    21.758] (==) NVIDIA(0): Disabling shared memory pixmaps
[    21.758] (==) NVIDIA(0): Backing store enabled
[    21.758] (==) NVIDIA(0): Silken mouse enabled
[    21.758] (**) NVIDIA(0): DPMS enabled
[    21.758] (II) Loading sub module "dri2"
[    21.758] (II) LoadModule: "dri2"
[    21.758] (II) Module "dri2" already built-in
[    21.758] (II) NVIDIA(0): [DRI2] Setup complete
[    21.758] (II) NVIDIA(0): [DRI2]   VDPAU driver: nvidia
[    21.758] (II) Initializing extension Generic Event Extension
[    21.758] (II) Initializing extension SHAPE
[    21.758] (II) Initializing extension MIT-SHM
[    21.758] (II) Initializing extension XInputExtension
[    21.759] (II) Initializing extension XTEST
[    21.759] (II) Initializing extension BIG-REQUESTS
[    21.759] (II) Initializing extension SYNC
[    21.759] (II) Initializing extension XKEYBOARD
[    21.759] (II) Initializing extension XC-MISC
[    21.759] (II) Initializing extension XFIXES
[    21.759] (II) Initializing extension RENDER
[    21.759] (II) Initializing extension RANDR
[    21.759] (II) Initializing extension COMPOSITE
[    21.759] (II) Initializing extension DAMAGE
[    21.759] (II) Initializing extension MIT-SCREEN-SAVER
[    21.759] (II) Initializing extension DOUBLE-BUFFER
[    21.759] (II) Initializing extension RECORD
[    21.759] (II) Initializing extension DPMS
[    21.759] (II) Initializing extension Present
[    21.759] (II) Initializing extension DRI3
[    21.759] (II) Initializing extension X-Resource
[    21.759] (II) Initializing extension XVideo
[    21.759] (II) Initializing extension XVideo-MotionCompensation
[    21.759] (II) Initializing extension GLX
[    21.759] (II) Initializing extension GLX
[    21.759] (II) Indirect GLX disabled.
[    21.759] (II) GLX: Another vendor is already registered for screen 0
[    21.759] (II) Initializing extension XFree86-VidModeExtension
[    21.759] (II) Initializing extension XFree86-DGA
[    21.759] (II) Initializing extension XFree86-DRI
[    21.759] (II) Initializing extension DRI2
[    21.759] (II) Initializing extension NV-GLX
[    21.759] (II) Initializing extension NV-CONTROL
[    21.809] (II) config/udev: Adding input device Power Button (/dev/input/event3)
[    21.809] (**) Power Button: Applying InputClass "evdev keyboard catchall"
[    21.809] (**) Power Button: Applying InputClass "libinput keyboard catchall"
[    21.809] (**) Power Button: Applying InputClass "joystick-all"
[    21.809] (II) LoadModule: "libinput"
[    21.809] (II) Loading /usr/lib64/xorg/modules/input/libinput_drv.so
[    21.813] (II) Module libinput: vendor="X.Org Foundation"
[    21.813] 	compiled for 1.21.1.4, module version = 1.2.1
[    21.813] 	Module class: X.Org XInput Driver
[    21.813] 	ABI class: X.Org XInput driver, version 24.4
[    21.813] (II) Using input driver 'libinput' for 'Power Button'
[    21.813] (II) systemd-logind: got fd for /dev/input/event3 13:67 fd 32 paused 0
[    21.813] (**) Power Button: always reports core events
[    21.813] (**) Option "Device" "/dev/input/event3"
[    21.828] (II) event3  - Power Button: is tagged by udev as: Keyboard
[    21.828] (II) event3  - Power Button: device is a keyboard
[    21.828] (II) event3  - Power Button: device removed
[    21.828] (**) Option "config_info" "udev:/sys/devices/LNXSYSTM:00/LNXPWRBN:00/input/input3/event3"
[    21.828] (II) XINPUT: Adding extended input device "Power Button" (type: KEYBOARD, id 6)
[    21.829] (II) event3  - Power Button: is tagged by udev as: Keyboard
[    21.829] (II) event3  - Power Button: device is a keyboard
[    21.829] (II) config/udev: Adding input device Lid Switch (/dev/input/event0)
[    21.829] (**) Lid Switch: Applying InputClass "joystick-all"
[    21.829] (II) No input driver specified, ignoring this device.
[    21.829] (II) This device may have been added with another device file.
[    21.829] (II) config/udev: Adding input device Power Button (/dev/input/event2)
[    21.829] (**) Power Button: Applying InputClass "evdev keyboard catchall"
[    21.829] (**) Power Button: Applying InputClass "libinput keyboard catchall"
[    21.829] (**) Power Button: Applying InputClass "joystick-all"
[    21.829] (II) Using input driver 'libinput' for 'Power Button'
[    21.830] (II) systemd-logind: got fd for /dev/input/event2 13:66 fd 35 paused 0
[    21.830] (**) Power Button: always reports core events
[    21.830] (**) Option "Device" "/dev/input/event2"
[    21.830] (II) event2  - Power Button: is tagged by udev as: Keyboard
[    21.830] (II) event2  - Power Button: device is a keyboard
[    21.830] (II) event2  - Power Button: device removed
[    21.830] (**) Option "config_info" "udev:/sys/devices/LNXSYSTM:00/LNXSYBUS:00/PNP0C0C:00/input/input2/event2"
[    21.830] (II) XINPUT: Adding extended input device "Power Button" (type: KEYBOARD, id 7)
[    21.830] (II) event2  - Power Button: is tagged by udev as: Keyboard
[    21.830] (II) event2  - Power Button: device is a keyboard
[    21.831] (II) config/udev: Adding input device Sleep Button (/dev/input/event1)
[    21.831] (**) Sleep Button: Applying InputClass "evdev keyboard catchall"
[    21.831] (**) Sleep Button: Applying InputClass "libinput keyboard catchall"
[    21.831] (**) Sleep Button: Applying InputClass "joystick-all"
[    21.831] (II) Using input driver 'libinput' for 'Sleep Button'
[    21.831] (II) systemd-logind: got fd for /dev/input/event1 13:65 fd 36 paused 0
[    21.831] (**) Sleep Button: always reports core events
[    21.831] (**) Option "Device" "/dev/input/event1"
[    21.831] (II) event1  - Sleep Button: is tagged by udev as: Keyboard
[    21.831] (II) event1  - Sleep Button: device is a keyboard
[    21.831] (II) event1  - Sleep Button: device removed
[    21.831] (**) Option "config_info" "udev:/sys/devices/LNXSYSTM:00/LNXSYBUS:00/PNP0C0E:00/input/input1/event1"
[    21.831] (II) XINPUT: Adding extended input device "Sleep Button" (type: KEYBOARD, id 8)
[    21.832] (II) event1  - Sleep Button: is tagged by udev as: Keyboard
[    21.832] (II) event1  - Sleep Button: device is a keyboard
[    21.832] (II) config/udev: Adding input device HDA NVidia HDMI/DP,pcm=3 (/dev/input/event6)
[    21.832] (**) HDA NVidia HDMI/DP,pcm=3: Applying InputClass "joystick-all"
[    21.832] (II) No input driver specified, ignoring this device.
[    21.832] (II) This device may have been added with another device file.
[    21.832] (II) config/udev: Adding input device HDA NVidia HDMI/DP,pcm=7 (/dev/input/event7)
[    21.832] (**) HDA NVidia HDMI/DP,pcm=7: Applying InputClass "joystick-all"
[    21.832] (II) No input driver specified, ignoring this device.
[    21.832] (II) This device may have been added with another device file.
[    21.832] (II) config/udev: Adding input device HDA NVidia HDMI/DP,pcm=8 (/dev/input/event8)
[    21.832] (**) HDA NVidia HDMI/DP,pcm=8: Applying InputClass "joystick-all"
[    21.832] (II) No input driver specified, ignoring this device.
[    21.832] (II) This device may have been added with another device file.
[    21.832] (II) config/udev: Adding input device HDA NVidia HDMI/DP,pcm=9 (/dev/input/event9)
[    21.832] (**) HDA NVidia HDMI/DP,pcm=9: Applying InputClass "joystick-all"
[    21.832] (II) No input driver specified, ignoring this device.
[    21.832] (II) This device may have been added with another device file.
[    21.833] (II) config/udev: Adding input device Razer Razer DeathAdder V2 (/dev/input/event10)
[    21.833] (**) Razer Razer DeathAdder V2: Applying InputClass "evdev pointer catchall"
[    21.833] (**) Razer Razer DeathAdder V2: Applying InputClass "libinput pointer catchall"
[    21.833] (**) Razer Razer DeathAdder V2: Applying InputClass "joystick-all"
[    21.833] (II) Using input driver 'libinput' for 'Razer Razer DeathAdder V2'
[    21.900] (II) systemd-logind: got fd for /dev/input/event10 13:74 fd 37 paused 0
[    21.900] (**) Razer Razer DeathAdder V2: always reports core events
[    21.900] (**) Option "Device" "/dev/input/event10"
[    21.900] (II) event10 - Razer Razer DeathAdder V2: is tagged by udev as: Mouse
[    21.900] (II) event10 - Razer Razer DeathAdder V2: device is a pointer
[    21.900] (II) event10 - Razer Razer DeathAdder V2: device removed
[    21.900] (**) Option "config_info" "udev:/sys/devices/pci0000:00/0000:00:14.0/usb1/1-2/1-2:1.0/0003:1532:0084.0001/input/input10/event10"
[    21.900] (II) XINPUT: Adding extended input device "Razer Razer DeathAdder V2" (type: MOUSE, id 9)
[    21.900] (**) Option "AccelerationScheme" "none"
[    21.900] (**) Razer Razer DeathAdder V2: (accel) selected scheme none/0
[    21.900] (**) Razer Razer DeathAdder V2: (accel) acceleration factor: 2.000
[    21.900] (**) Razer Razer DeathAdder V2: (accel) acceleration threshold: 4
[    21.901] (II) event10 - Razer Razer DeathAdder V2: is tagged by udev as: Mouse
[    21.901] (II) event10 - Razer Razer DeathAdder V2: device is a pointer
[    21.901] (II) config/udev: Adding input device Razer Razer DeathAdder V2 (/dev/input/mouse0)
[    21.901] (**) Razer Razer DeathAdder V2: Applying InputClass "joystick-all"
[    21.901] (II) No input driver specified, ignoring this device.
[    21.901] (II) This device may have been added with another device file.
[    21.902] (II) config/udev: Adding input device Razer Razer DeathAdder V2 Keyboard (/dev/input/event11)
[    21.902] (**) Razer Razer DeathAdder V2 Keyboard: Applying InputClass "evdev keyboard catchall"
[    21.902] (**) Razer Razer DeathAdder V2 Keyboard: Applying InputClass "libinput keyboard catchall"
[    21.902] (**) Razer Razer DeathAdder V2 Keyboard: Applying InputClass "joystick-all"
[    21.902] (II) Using input driver 'libinput' for 'Razer Razer DeathAdder V2 Keyboard'
[    21.902] (II) systemd-logind: got fd for /dev/input/event11 13:75 fd 38 paused 0
[    21.902] (**) Razer Razer DeathAdder V2 Keyboard: always reports core events
[    21.902] (**) Option "Device" "/dev/input/event11"
[    21.902] (II) event11 - Razer Razer DeathAdder V2 Keyboard: is tagged by udev as: Keyboard
[    21.902] (II) event11 - Razer Razer DeathAdder V2 Keyboard: device is a keyboard
[    21.903] (II) event11 - Razer Razer DeathAdder V2 Keyboard: device removed
[    21.903] (II) libinput: Razer Razer DeathAdder V2 Keyboard: needs a virtual subdevice
[    21.903] (**) Option "config_info" "udev:/sys/devices/pci0000:00/0000:00:14.0/usb1/1-2/1-2:1.1/0003:1532:0084.0002/input/input11/event11"
[    21.903] (II) XINPUT: Adding extended input device "Razer Razer DeathAdder V2 Keyboard" (type: MOUSE, id 10)
[    21.903] (**) Option "AccelerationScheme" "none"
[    21.903] (**) Razer Razer DeathAdder V2 Keyboard: (accel) selected scheme none/0
[    21.903] (**) Razer Razer DeathAdder V2 Keyboard: (accel) acceleration factor: 2.000
[    21.903] (**) Razer Razer DeathAdder V2 Keyboard: (accel) acceleration threshold: 4
[    21.903] (II) event11 - Razer Razer DeathAdder V2 Keyboard: is tagged by udev as: Keyboard
[    21.903] (II) event11 - Razer Razer DeathAdder V2 Keyboard: device is a keyboard
[    21.903] (II) config/udev: Adding input device Razer Razer DeathAdder V2 (/dev/input/event12)
[    21.903] (**) Razer Razer DeathAdder V2: Applying InputClass "joystick-all"
[    21.903] (II) No input driver specified, ignoring this device.
[    21.903] (II) This device may have been added with another device file.
[    21.904] (II) config/udev: Adding input device Razer Razer DeathAdder V2 (/dev/input/event13)
[    21.904] (**) Razer Razer DeathAdder V2: Applying InputClass "evdev keyboard catchall"
[    21.904] (**) Razer Razer DeathAdder V2: Applying InputClass "libinput keyboard catchall"
[    21.904] (**) Razer Razer DeathAdder V2: Applying InputClass "joystick-all"
[    21.904] (II) Using input driver 'libinput' for 'Razer Razer DeathAdder V2'
[    21.904] (II) systemd-logind: got fd for /dev/input/event13 13:77 fd 39 paused 0
[    21.904] (**) Razer Razer DeathAdder V2: always reports core events
[    21.904] (**) Option "Device" "/dev/input/event13"
[    21.905] (II) event13 - Razer Razer DeathAdder V2: is tagged by udev as: Keyboard
[    21.905] (II) event13 - Razer Razer DeathAdder V2: device is a keyboard
[    21.905] (II) event13 - Razer Razer DeathAdder V2: device removed
[    21.905] (**) Option "config_info" "udev:/sys/devices/pci0000:00/0000:00:14.0/usb1/1-2/1-2:1.2/0003:1532:0084.0003/input/input13/event13"
[    21.905] (II) XINPUT: Adding extended input device "Razer Razer DeathAdder V2" (type: KEYBOARD, id 11)
[    21.905] (II) event13 - Razer Razer DeathAdder V2: is tagged by udev as: Keyboard
[    21.905] (II) event13 - Razer Razer DeathAdder V2: device is a keyboard
[    21.906] (II) config/udev: Adding input device HDA Intel PCH Headphone (/dev/input/event14)
[    21.906] (**) HDA Intel PCH Headphone: Applying InputClass "joystick-all"
[    21.906] (II) No input driver specified, ignoring this device.
[    21.906] (II) This device may have been added with another device file.
[    21.906] (II) config/udev: Adding input device AT Translated Set 2 keyboard (/dev/input/event4)
[    21.906] (**) AT Translated Set 2 keyboard: Applying InputClass "evdev keyboard catchall"
[    21.906] (**) AT Translated Set 2 keyboard: Applying InputClass "libinput keyboard catchall"
[    21.906] (**) AT Translated Set 2 keyboard: Applying InputClass "joystick-all"
[    21.906] (II) Using input driver 'libinput' for 'AT Translated Set 2 keyboard'
[    21.906] (II) systemd-logind: got fd for /dev/input/event4 13:68 fd 40 paused 0
[    21.906] (**) AT Translated Set 2 keyboard: always reports core events
[    21.906] (**) Option "Device" "/dev/input/event4"
[    21.906] (II) event4  - AT Translated Set 2 keyboard: is tagged by udev as: Keyboard
[    21.906] (II) event4  - AT Translated Set 2 keyboard: device is a keyboard
[    21.907] (II) event4  - AT Translated Set 2 keyboard: device removed
[    21.907] (**) Option "config_info" "udev:/sys/devices/platform/i8042/serio0/input/input4/event4"
[    21.907] (II) XINPUT: Adding extended input device "AT Translated Set 2 keyboard" (type: KEYBOARD, id 12)
[    21.907] (II) event4  - AT Translated Set 2 keyboard: is tagged by udev as: Keyboard
[    21.907] (II) event4  - AT Translated Set 2 keyboard: device is a keyboard
[    21.908] (II) config/udev: Adding input device Acer WMI hotkeys (/dev/input/event5)
[    21.908] (**) Acer WMI hotkeys: Applying InputClass "evdev keyboard catchall"
[    21.908] (**) Acer WMI hotkeys: Applying InputClass "libinput keyboard catchall"
[    21.908] (**) Acer WMI hotkeys: Applying InputClass "joystick-all"
[    21.908] (II) Using input driver 'libinput' for 'Acer WMI hotkeys'
[    21.908] (II) systemd-logind: got fd for /dev/input/event5 13:69 fd 41 paused 0
[    21.908] (**) Acer WMI hotkeys: always reports core events
[    21.908] (**) Option "Device" "/dev/input/event5"
[    21.908] (II) event5  - Acer WMI hotkeys: is tagged by udev as: Keyboard
[    21.908] (II) event5  - Acer WMI hotkeys: device is a keyboard
[    21.908] (II) event5  - Acer WMI hotkeys: device removed
[    21.908] (**) Option "config_info" "udev:/sys/devices/virtual/input/input5/event5"
[    21.908] (II) XINPUT: Adding extended input device "Acer WMI hotkeys" (type: KEYBOARD, id 13)
[    21.908] (II) event5  - Acer WMI hotkeys: is tagged by udev as: Keyboard
[    21.908] (II) event5  - Acer WMI hotkeys: device is a keyboard
[    21.910] (**) Razer Razer DeathAdder V2 Keyboard: Applying InputClass "evdev keyboard catchall"
[    21.910] (**) Razer Razer DeathAdder V2 Keyboard: Applying InputClass "libinput keyboard catchall"
[    21.910] (**) Razer Razer DeathAdder V2 Keyboard: Applying InputClass "joystick-all"
[    21.910] (II) Using input driver 'libinput' for 'Razer Razer DeathAdder V2 Keyboard'
[    21.910] (II) systemd-logind: returning pre-existing fd for /dev/input/event11 13:75
[    21.910] (**) Razer Razer DeathAdder V2 Keyboard: always reports core events
[    21.910] (**) Option "Device" "/dev/input/event11"
[    21.910] (II) libinput: Razer Razer DeathAdder V2 Keyboard: is a virtual subdevice
[    21.910] (**) Option "config_info" "udev:/sys/devices/pci0000:00/0000:00:14.0/usb1/1-2/1-2:1.1/0003:1532:0084.0002/input/input11/event11"
[    21.910] (II) XINPUT: Adding extended input device "Razer Razer DeathAdder V2 Keyboard" (type: KEYBOARD, id 14)
[    47.197] (**) Option "fd" "32"
[    47.197] (II) event3  - Power Button: device removed
[    47.197] (**) Option "fd" "35"
[    47.197] (II) event2  - Power Button: device removed
[    47.197] (**) Option "fd" "36"
[    47.198] (II) event1  - Sleep Button: device removed
[    47.198] (**) Option "fd" "37"
[    47.198] (II) event10 - Razer Razer DeathAdder V2: device removed
[    47.198] (**) Option "fd" "38"
[    47.198] (**) Option "fd" "39"
[    47.198] (II) event13 - Razer Razer DeathAdder V2: device removed
[    47.198] (**) Option "fd" "40"
[    47.198] (II) event4  - AT Translated Set 2 keyboard: device removed
[    47.198] (**) Option "fd" "41"
[    47.198] (II) event5  - Acer WMI hotkeys: device removed
[    47.198] (**) Option "fd" "38"
[    47.198] (II) event11 - Razer Razer DeathAdder V2 Keyboard: device removed
[    47.221] (II) systemd-logind: got pause for 13:66
[    47.221] (II) systemd-logind: got pause for 13:67
[    47.221] (II) systemd-logind: got pause for 13:68
[    47.221] (II) systemd-logind: got pause for 13:77
[    47.221] (II) systemd-logind: got pause for 13:65
[    47.221] (II) systemd-logind: got pause for 13:69
[    47.221] (II) systemd-logind: got pause for 13:75
[    47.221] (II) systemd-logind: got pause for 13:74
[    69.680] (II) systemd-logind: got resume for 13:66
[    69.680] (--) NVIDIA(GPU-0): DFP-0: disconnected
[    69.680] (--) NVIDIA(GPU-0): DFP-0: Internal TMDS
[    69.680] (--) NVIDIA(GPU-0): DFP-0: 165.0 MHz maximum pixel clock
[    69.680] (--) NVIDIA(GPU-0): 
[    69.734] (II) NVIDIA(0): Setting mode "NULL"
[    69.751] (II) NVIDIA(0): ACPI: failed to connect to the ACPI event daemon; the daemon
[    69.751] (II) NVIDIA(0):     may not be running or the "AcpidSocketPath" X
[    69.751] (II) NVIDIA(0):     configuration option may not be set correctly.  When the
[    69.751] (II) NVIDIA(0):     ACPI event daemon is available, the NVIDIA X driver will
[    69.751] (II) NVIDIA(0):     try to use it to receive ACPI event notifications.  For
[    69.751] (II) NVIDIA(0):     details, please see the "ConnectToAcpid" and
[    69.751] (II) NVIDIA(0):     "AcpidSocketPath" X configuration options in Appendix B: X
[    69.751] (II) NVIDIA(0):     Config Options in the README.
[    69.755] (II) event2  - Power Button: is tagged by udev as: Keyboard
[    69.755] (II) event2  - Power Button: device is a keyboard
[    69.756] (II) systemd-logind: got resume for 13:67
[    69.756] (II) event3  - Power Button: is tagged by udev as: Keyboard
[    69.756] (II) event3  - Power Button: device is a keyboard
[    69.850] (II) systemd-logind: got resume for 13:68
[    69.850] (II) event4  - AT Translated Set 2 keyboard: is tagged by udev as: Keyboard
[    69.850] (II) event4  - AT Translated Set 2 keyboard: device is a keyboard
[    69.910] (II) systemd-logind: got resume for 13:77
[    69.910] (II) event13 - Razer Razer DeathAdder V2: is tagged by udev as: Keyboard
[    69.910] (II) event13 - Razer Razer DeathAdder V2: device is a keyboard
[    69.980] (II) systemd-logind: got resume for 13:65
[    69.980] (II) event1  - Sleep Button: is tagged by udev as: Keyboard
[    69.980] (II) event1  - Sleep Button: device is a keyboard
[    70.060] (II) systemd-logind: got resume for 13:69
[    70.060] (II) event5  - Acer WMI hotkeys: is tagged by udev as: Keyboard
[    70.060] (II) event5  - Acer WMI hotkeys: device is a keyboard
[    70.140] (II) systemd-logind: got resume for 13:75
[    70.140] (II) event11 - Razer Razer DeathAdder V2 Keyboard: is tagged by udev as: Keyboard
[    70.140] (II) event11 - Razer Razer DeathAdder V2 Keyboard: device is a keyboard
[    70.190] (II) systemd-logind: got resume for 13:74
[    70.190] (II) event10 - Razer Razer DeathAdder V2: is tagged by udev as: Mouse
[    70.190] (II) event10 - Razer Razer DeathAdder V2: device is a pointer
[    70.408] (**) Option "fd" "36"
[    70.408] (II) event3  - Power Button: device removed
[    70.408] (**) Option "fd" "20"
[    70.408] (II) event2  - Power Button: device removed
[    70.408] (**) Option "fd" "39"
[    70.408] (II) event1  - Sleep Button: device removed
[    70.408] (**) Option "fd" "43"
[    70.408] (II) event10 - Razer Razer DeathAdder V2: device removed
[    70.408] (**) Option "fd" "41"
[    70.408] (**) Option "fd" "38"
[    70.408] (II) event13 - Razer Razer DeathAdder V2: device removed
[    70.408] (**) Option "fd" "37"
[    70.408] (II) event4  - AT Translated Set 2 keyboard: device removed
[    70.408] (**) Option "fd" "40"
[    70.408] (II) event5  - Acer WMI hotkeys: device removed
[    70.408] (**) Option "fd" "41"
[    70.408] (II) event11 - Razer Razer DeathAdder V2 Keyboard: device removed
[    70.434] (II) systemd-logind: got pause for 13:66
[    70.434] (II) systemd-logind: got pause for 13:67
[    70.434] (II) systemd-logind: got pause for 13:68
[    70.434] (II) systemd-logind: got pause for 13:77
[    70.434] (II) systemd-logind: got pause for 13:65
[    70.434] (II) systemd-logind: got pause for 13:69
[    70.434] (II) systemd-logind: got pause for 13:75
[    70.434] (II) systemd-logind: got pause for 13:74
[   559.140] (II) systemd-logind: got resume for 13:66
[   559.140] (--) NVIDIA(GPU-0): DFP-0: disconnected
[   559.140] (--) NVIDIA(GPU-0): DFP-0: Internal TMDS
[   559.140] (--) NVIDIA(GPU-0): DFP-0: 165.0 MHz maximum pixel clock
[   559.140] (--) NVIDIA(GPU-0): 
[   559.193] (II) NVIDIA(0): Setting mode "NULL"
[   559.213] (II) NVIDIA(0): ACPI: failed to connect to the ACPI event daemon; the daemon
[   559.213] (II) NVIDIA(0):     may not be running or the "AcpidSocketPath" X
[   559.213] (II) NVIDIA(0):     configuration option may not be set correctly.  When the
[   559.213] (II) NVIDIA(0):     ACPI event daemon is available, the NVIDIA X driver will
[   559.213] (II) NVIDIA(0):     try to use it to receive ACPI event notifications.  For
[   559.213] (II) NVIDIA(0):     details, please see the "ConnectToAcpid" and
[   559.213] (II) NVIDIA(0):     "AcpidSocketPath" X configuration options in Appendix B: X
[   559.213] (II) NVIDIA(0):     Config Options in the README.
[   559.217] (II) event2  - Power Button: is tagged by udev as: Keyboard
[   559.217] (II) event2  - Power Button: device is a keyboard
[   559.217] (II) systemd-logind: got resume for 13:67
[   559.217] (II) event3  - Power Button: is tagged by udev as: Keyboard
[   559.217] (II) event3  - Power Button: device is a keyboard
[   559.260] (II) systemd-logind: got resume for 13:68
[   559.260] (II) event4  - AT Translated Set 2 keyboard: is tagged by udev as: Keyboard
[   559.260] (II) event4  - AT Translated Set 2 keyboard: device is a keyboard
[   559.350] (II) systemd-logind: got resume for 13:77
[   559.350] (II) event13 - Razer Razer DeathAdder V2: is tagged by udev as: Keyboard
[   559.350] (II) event13 - Razer Razer DeathAdder V2: device is a keyboard
[   559.390] (II) systemd-logind: got resume for 13:65
[   559.390] (II) event1  - Sleep Button: is tagged by udev as: Keyboard
[   559.390] (II) event1  - Sleep Button: device is a keyboard
[   559.480] (II) systemd-logind: got resume for 13:69
[   559.480] (II) event5  - Acer WMI hotkeys: is tagged by udev as: Keyboard
[   559.480] (II) event5  - Acer WMI hotkeys: device is a keyboard
[   559.550] (II) systemd-logind: got resume for 13:75
[   559.550] (II) event11 - Razer Razer DeathAdder V2 Keyboard: is tagged by udev as: Keyboard
[   559.550] (II) event11 - Razer Razer DeathAdder V2 Keyboard: device is a keyboard
[   559.650] (II) systemd-logind: got resume for 13:74
[   559.650] (II) event10 - Razer Razer DeathAdder V2: is tagged by udev as: Mouse
[   559.650] (II) event10 - Razer Razer DeathAdder V2: device is a pointer
[   560.450] (**) Option "fd" "36"
[   560.450] (II) event3  - Power Button: device removed
[   560.450] (**) Option "fd" "20"
[   560.450] (II) event2  - Power Button: device removed
[   560.450] (**) Option "fd" "39"
[   560.450] (II) event1  - Sleep Button: device removed
[   560.450] (**) Option "fd" "43"
[   560.450] (II) event10 - Razer Razer DeathAdder V2: device removed
[   560.450] (**) Option "fd" "41"
[   560.450] (**) Option "fd" "38"
[   560.450] (II) event13 - Razer Razer DeathAdder V2: device removed
[   560.450] (**) Option "fd" "37"
[   560.450] (II) event4  - AT Translated Set 2 keyboard: device removed
[   560.450] (**) Option "fd" "40"
[   560.451] (II) event5  - Acer WMI hotkeys: device removed
[   560.451] (**) Option "fd" "41"
[   560.451] (II) event11 - Razer Razer DeathAdder V2 Keyboard: device removed
[   560.480] (II) systemd-logind: got pause for 13:66
[   560.480] (II) systemd-logind: got pause for 13:67
[   560.480] (II) systemd-logind: got pause for 13:68
[   560.480] (II) systemd-logind: got pause for 13:77
[   560.480] (II) systemd-logind: got pause for 13:65
[   560.480] (II) systemd-logind: got pause for 13:69
[   560.480] (II) systemd-logind: got pause for 13:75
[   560.480] (II) systemd-logind: got pause for 13:74
[   728.399] (II) systemd-logind: got resume for 13:66
[   728.400] (--) NVIDIA(GPU-0): DFP-0: disconnected
[   728.400] (--) NVIDIA(GPU-0): DFP-0: Internal TMDS
[   728.400] (--) NVIDIA(GPU-0): DFP-0: 165.0 MHz maximum pixel clock
[   728.400] (--) NVIDIA(GPU-0): 
[   728.454] (II) NVIDIA(0): Setting mode "NULL"
[   728.472] (II) NVIDIA(0): ACPI: failed to connect to the ACPI event daemon; the daemon
[   728.472] (II) NVIDIA(0):     may not be running or the "AcpidSocketPath" X
[   728.472] (II) NVIDIA(0):     configuration option may not be set correctly.  When the
[   728.472] (II) NVIDIA(0):     ACPI event daemon is available, the NVIDIA X driver will
[   728.472] (II) NVIDIA(0):     try to use it to receive ACPI event notifications.  For
[   728.472] (II) NVIDIA(0):     details, please see the "ConnectToAcpid" and
[   728.472] (II) NVIDIA(0):     "AcpidSocketPath" X configuration options in Appendix B: X
[   728.472] (II) NVIDIA(0):     Config Options in the README.
[   728.477] (II) event2  - Power Button: is tagged by udev as: Keyboard
[   728.477] (II) event2  - Power Button: device is a keyboard
[   728.477] (II) systemd-logind: got resume for 13:67
[   728.477] (II) event3  - Power Button: is tagged by udev as: Keyboard
[   728.477] (II) event3  - Power Button: device is a keyboard
[   728.550] (II) systemd-logind: got resume for 13:68
[   728.550] (II) event4  - AT Translated Set 2 keyboard: is tagged by udev as: Keyboard
[   728.550] (II) event4  - AT Translated Set 2 keyboard: device is a keyboard
[   728.670] (II) systemd-logind: got resume for 13:77
[   728.670] (II) event13 - Razer Razer DeathAdder V2: is tagged by udev as: Keyboard
[   728.670] (II) event13 - Razer Razer DeathAdder V2: device is a keyboard
[   728.730] (II) systemd-logind: got resume for 13:65
[   728.730] (II) event1  - Sleep Button: is tagged by udev as: Keyboard
[   728.730] (II) event1  - Sleep Button: device is a keyboard
[   728.790] (II) systemd-logind: got resume for 13:69
[   728.790] (II) event5  - Acer WMI hotkeys: is tagged by udev as: Keyboard
[   728.790] (II) event5  - Acer WMI hotkeys: device is a keyboard
[   728.890] (II) systemd-logind: got resume for 13:75
[   728.890] (II) event11 - Razer Razer DeathAdder V2 Keyboard: is tagged by udev as: Keyboard
[   728.890] (II) event11 - Razer Razer DeathAdder V2 Keyboard: device is a keyboard
[   729.000] (II) systemd-logind: got resume for 13:74
[   729.000] (II) event10 - Razer Razer DeathAdder V2: is tagged by udev as: Mouse
[   729.000] (II) event10 - Razer Razer DeathAdder V2: device is a pointer
[   729.133] (**) Option "fd" "36"
[   729.133] (II) event3  - Power Button: device removed
[   729.133] (**) Option "fd" "20"
[   729.133] (II) event2  - Power Button: device removed
[   729.133] (**) Option "fd" "39"
[   729.133] (II) event1  - Sleep Button: device removed
[   729.133] (**) Option "fd" "43"
[   729.133] (II) event10 - Razer Razer DeathAdder V2: device removed
[   729.133] (**) Option "fd" "41"
[   729.133] (**) Option "fd" "38"
[   729.133] (II) event13 - Razer Razer DeathAdder V2: device removed
[   729.133] (**) Option "fd" "37"
[   729.133] (II) event4  - AT Translated Set 2 keyboard: device removed
[   729.133] (**) Option "fd" "40"
[   729.133] (II) event5  - Acer WMI hotkeys: device removed
[   729.133] (**) Option "fd" "41"
[   729.133] (II) event11 - Razer Razer DeathAdder V2 Keyboard: device removed
[   729.159] (II) systemd-logind: got pause for 13:66
[   729.159] (II) systemd-logind: got pause for 13:67
[   729.159] (II) systemd-logind: got pause for 13:68
[   729.159] (II) systemd-logind: got pause for 13:77
[   729.159] (II) systemd-logind: got pause for 13:65
[   729.159] (II) systemd-logind: got pause for 13:69
[   729.159] (II) systemd-logind: got pause for 13:75
[   729.159] (II) systemd-logind: got pause for 13:74
[   765.200] (II) systemd-logind: got resume for 13:66
[   765.200] (--) NVIDIA(GPU-0): DFP-0: disconnected
[   765.200] (--) NVIDIA(GPU-0): DFP-0: Internal TMDS
[   765.200] (--) NVIDIA(GPU-0): DFP-0: 165.0 MHz maximum pixel clock
[   765.200] (--) NVIDIA(GPU-0): 
[   765.253] (II) NVIDIA(0): Setting mode "NULL"
[   765.271] (II) NVIDIA(0): ACPI: failed to connect to the ACPI event daemon; the daemon
[   765.271] (II) NVIDIA(0):     may not be running or the "AcpidSocketPath" X
[   765.271] (II) NVIDIA(0):     configuration option may not be set correctly.  When the
[   765.271] (II) NVIDIA(0):     ACPI event daemon is available, the NVIDIA X driver will
[   765.271] (II) NVIDIA(0):     try to use it to receive ACPI event notifications.  For
[   765.271] (II) NVIDIA(0):     details, please see the "ConnectToAcpid" and
[   765.271] (II) NVIDIA(0):     "AcpidSocketPath" X configuration options in Appendix B: X
[   765.271] (II) NVIDIA(0):     Config Options in the README.
[   765.275] (II) event2  - Power Button: is tagged by udev as: Keyboard
[   765.276] (II) event2  - Power Button: device is a keyboard
[   765.276] (II) systemd-logind: got resume for 13:67
[   765.276] (II) event3  - Power Button: is tagged by udev as: Keyboard
[   765.276] (II) event3  - Power Button: device is a keyboard
[   765.290] (II) systemd-logind: got resume for 13:68
[   765.290] (II) event4  - AT Translated Set 2 keyboard: is tagged by udev as: Keyboard
[   765.290] (II) event4  - AT Translated Set 2 keyboard: device is a keyboard
[   765.340] (II) systemd-logind: got resume for 13:77
[   765.340] (II) event13 - Razer Razer DeathAdder V2: is tagged by udev as: Keyboard
[   765.340] (II) event13 - Razer Razer DeathAdder V2: device is a keyboard
[   765.380] (II) systemd-logind: got resume for 13:65
[   765.380] (II) event1  - Sleep Button: is tagged by udev as: Keyboard
[   765.380] (II) event1  - Sleep Button: device is a keyboard
[   765.420] (II) systemd-logind: got resume for 13:69
[   765.420] (II) event5  - Acer WMI hotkeys: is tagged by udev as: Keyboard
[   765.420] (II) event5  - Acer WMI hotkeys: device is a keyboard
[   765.460] (II) systemd-logind: got resume for 13:75
[   765.460] (II) event11 - Razer Razer DeathAdder V2 Keyboard: is tagged by udev as: Keyboard
[   765.460] (II) event11 - Razer Razer DeathAdder V2 Keyboard: device is a keyboard
[   765.500] (II) systemd-logind: got resume for 13:74
[   765.500] (II) event10 - Razer Razer DeathAdder V2: is tagged by udev as: Mouse
[   765.500] (II) event10 - Razer Razer DeathAdder V2: device is a pointer
[   766.182] (**) Option "fd" "36"
[   766.182] (II) event3  - Power Button: device removed
[   766.182] (**) Option "fd" "20"
[   766.182] (II) event2  - Power Button: device removed
[   766.182] (**) Option "fd" "39"
[   766.182] (II) event1  - Sleep Button: device removed
[   766.182] (**) Option "fd" "43"
[   766.182] (II) event10 - Razer Razer DeathAdder V2: device removed
[   766.182] (**) Option "fd" "41"
[   766.182] (**) Option "fd" "38"
[   766.182] (II) event13 - Razer Razer DeathAdder V2: device removed
[   766.182] (**) Option "fd" "37"
[   766.182] (II) event4  - AT Translated Set 2 keyboard: device removed
[   766.182] (**) Option "fd" "40"
[   766.182] (II) event5  - Acer WMI hotkeys: device removed
[   766.182] (**) Option "fd" "41"
[   766.182] (II) event11 - Razer Razer DeathAdder V2 Keyboard: device removed
[   766.207] (II) systemd-logind: got pause for 13:66
[   766.207] (II) systemd-logind: got pause for 13:67
[   766.207] (II) systemd-logind: got pause for 13:68
[   766.207] (II) systemd-logind: got pause for 13:77
[   766.207] (II) systemd-logind: got pause for 13:65
[   766.207] (II) systemd-logind: got pause for 13:69
[   766.207] (II) systemd-logind: got pause for 13:75
[   766.207] (II) systemd-logind: got pause for 13:74
[   790.820] (II) systemd-logind: got resume for 13:66
[   790.820] (--) NVIDIA(GPU-0): DFP-0: disconnected
[   790.820] (--) NVIDIA(GPU-0): DFP-0: Internal TMDS
[   790.820] (--) NVIDIA(GPU-0): DFP-0: 165.0 MHz maximum pixel clock
[   790.820] (--) NVIDIA(GPU-0): 
[   790.873] (II) NVIDIA(0): Setting mode "NULL"
[   790.900] (II) NVIDIA(0): ACPI: failed to connect to the ACPI event daemon; the daemon
[   790.900] (II) NVIDIA(0):     may not be running or the "AcpidSocketPath" X
[   790.900] (II) NVIDIA(0):     configuration option may not be set correctly.  When the
[   790.900] (II) NVIDIA(0):     ACPI event daemon is available, the NVIDIA X driver will
[   790.900] (II) NVIDIA(0):     try to use it to receive ACPI event notifications.  For
[   790.900] (II) NVIDIA(0):     details, please see the "ConnectToAcpid" and
[   790.900] (II) NVIDIA(0):     "AcpidSocketPath" X configuration options in Appendix B: X
[   790.900] (II) NVIDIA(0):     Config Options in the README.
[   790.905] (II) event2  - Power Button: is tagged by udev as: Keyboard
[   790.905] (II) event2  - Power Button: device is a keyboard
[   790.905] (II) systemd-logind: got resume for 13:67
[   790.905] (II) event3  - Power Button: is tagged by udev as: Keyboard
[   790.905] (II) event3  - Power Button: device is a keyboard
[   790.940] (II) systemd-logind: got resume for 13:68
[   790.940] (II) event4  - AT Translated Set 2 keyboard: is tagged by udev as: Keyboard
[   790.940] (II) event4  - AT Translated Set 2 keyboard: device is a keyboard
[   790.980] (II) systemd-logind: got resume for 13:77
[   790.980] (II) event13 - Razer Razer DeathAdder V2: is tagged by udev as: Keyboard
[   790.980] (II) event13 - Razer Razer DeathAdder V2: device is a keyboard
[   791.030] (II) systemd-logind: got resume for 13:65
[   791.030] (II) event1  - Sleep Button: is tagged by udev as: Keyboard
[   791.030] (II) event1  - Sleep Button: device is a keyboard
[   791.070] (II) systemd-logind: got resume for 13:69
[   791.070] (II) event5  - Acer WMI hotkeys: is tagged by udev as: Keyboard
[   791.070] (II) event5  - Acer WMI hotkeys: device is a keyboard
[   791.130] (II) systemd-logind: got resume for 13:75
[   791.130] (II) event11 - Razer Razer DeathAdder V2 Keyboard: is tagged by udev as: Keyboard
[   791.130] (II) event11 - Razer Razer DeathAdder V2 Keyboard: device is a keyboard
[   791.170] (II) systemd-logind: got resume for 13:74
[   791.170] (II) event10 - Razer Razer DeathAdder V2: is tagged by udev as: Mouse
[   791.170] (II) event10 - Razer Razer DeathAdder V2: device is a pointer
[   795.496] (**) Option "fd" "36"
[   795.496] (II) event3  - Power Button: device removed
[   795.496] (**) Option "fd" "20"
[   795.496] (II) event2  - Power Button: device removed
[   795.496] (**) Option "fd" "39"
[   795.496] (II) event1  - Sleep Button: device removed
[   795.496] (**) Option "fd" "43"
[   795.496] (II) event10 - Razer Razer DeathAdder V2: device removed
[   795.496] (**) Option "fd" "41"
[   795.496] (**) Option "fd" "38"
[   795.496] (II) event13 - Razer Razer DeathAdder V2: device removed
[   795.496] (**) Option "fd" "37"
[   795.496] (II) event4  - AT Translated Set 2 keyboard: device removed
[   795.496] (**) Option "fd" "40"
[   795.496] (II) event5  - Acer WMI hotkeys: device removed
[   795.496] (**) Option "fd" "41"
[   795.496] (II) event11 - Razer Razer DeathAdder V2 Keyboard: device removed
[   795.523] (II) systemd-logind: got pause for 13:66
[   795.523] (II) systemd-logind: got pause for 13:67
[   795.523] (II) systemd-logind: got pause for 13:68
[   795.523] (II) systemd-logind: got pause for 13:77
[   795.523] (II) systemd-logind: got pause for 13:65
[   795.523] (II) systemd-logind: got pause for 13:69
[   795.523] (II) systemd-logind: got pause for 13:75
[   795.523] (II) systemd-logind: got pause for 13:74
[   801.260] (II) systemd-logind: got resume for 13:66
[   801.260] (--) NVIDIA(GPU-0): DFP-0: disconnected
[   801.260] (--) NVIDIA(GPU-0): DFP-0: Internal TMDS
[   801.260] (--) NVIDIA(GPU-0): DFP-0: 165.0 MHz maximum pixel clock
[   801.260] (--) NVIDIA(GPU-0): 
[   801.313] (II) NVIDIA(0): Setting mode "NULL"
[   801.332] (II) NVIDIA(0): ACPI: failed to connect to the ACPI event daemon; the daemon
[   801.332] (II) NVIDIA(0):     may not be running or the "AcpidSocketPath" X
[   801.332] (II) NVIDIA(0):     configuration option may not be set correctly.  When the
[   801.332] (II) NVIDIA(0):     ACPI event daemon is available, the NVIDIA X driver will
[   801.332] (II) NVIDIA(0):     try to use it to receive ACPI event notifications.  For
[   801.332] (II) NVIDIA(0):     details, please see the "ConnectToAcpid" and
[   801.332] (II) NVIDIA(0):     "AcpidSocketPath" X configuration options in Appendix B: X
[   801.332] (II) NVIDIA(0):     Config Options in the README.
[   801.337] (II) event2  - Power Button: is tagged by udev as: Keyboard
[   801.337] (II) event2  - Power Button: device is a keyboard
[   801.337] (II) systemd-logind: got resume for 13:67
[   801.337] (II) event3  - Power Button: is tagged by udev as: Keyboard
[   801.337] (II) event3  - Power Button: device is a keyboard
[   801.400] (II) systemd-logind: got resume for 13:68
[   801.400] (II) event4  - AT Translated Set 2 keyboard: is tagged by udev as: Keyboard
[   801.400] (II) event4  - AT Translated Set 2 keyboard: device is a keyboard
[   801.490] (II) systemd-logind: got resume for 13:77
[   801.490] (II) event13 - Razer Razer DeathAdder V2: is tagged by udev as: Keyboard
[   801.490] (II) event13 - Razer Razer DeathAdder V2: device is a keyboard
[   801.530] (II) systemd-logind: got resume for 13:65
[   801.530] (II) event1  - Sleep Button: is tagged by udev as: Keyboard
[   801.530] (II) event1  - Sleep Button: device is a keyboard
[   801.580] (II) systemd-logind: got resume for 13:69
[   801.580] (II) event5  - Acer WMI hotkeys: is tagged by udev as: Keyboard
[   801.580] (II) event5  - Acer WMI hotkeys: device is a keyboard
[   801.620] (II) systemd-logind: got resume for 13:75
[   801.620] (II) event11 - Razer Razer DeathAdder V2 Keyboard: is tagged by udev as: Keyboard
[   801.620] (II) event11 - Razer Razer DeathAdder V2 Keyboard: device is a keyboard
[   801.660] (II) systemd-logind: got resume for 13:74
[   801.660] (II) event10 - Razer Razer DeathAdder V2: is tagged by udev as: Mouse
[   801.660] (II) event10 - Razer Razer DeathAdder V2: device is a pointer
[   802.573] (**) Option "fd" "36"
[   802.573] (II) event3  - Power Button: device removed
[   802.573] (**) Option "fd" "20"
[   802.573] (II) event2  - Power Button: device removed
[   802.573] (**) Option "fd" "39"
[   802.573] (II) event1  - Sleep Button: device removed
[   802.573] (**) Option "fd" "43"
[   802.573] (II) event10 - Razer Razer DeathAdder V2: device removed
[   802.573] (**) Option "fd" "41"
[   802.573] (**) Option "fd" "38"
[   802.573] (II) event13 - Razer Razer DeathAdder V2: device removed
[   802.573] (**) Option "fd" "37"
[   802.573] (II) event4  - AT Translated Set 2 keyboard: device removed
[   802.573] (**) Option "fd" "40"
[   802.573] (II) event5  - Acer WMI hotkeys: device removed
[   802.573] (**) Option "fd" "41"
[   802.573] (II) event11 - Razer Razer DeathAdder V2 Keyboard: device removed
[   802.603] (II) systemd-logind: got pause for 13:66
[   802.603] (II) systemd-logind: got pause for 13:67
[   802.603] (II) systemd-logind: got pause for 13:68
[   802.603] (II) systemd-logind: got pause for 13:77
[   802.603] (II) systemd-logind: got pause for 13:65
[   802.603] (II) systemd-logind: got pause for 13:69
[   802.603] (II) systemd-logind: got pause for 13:75
[   802.603] (II) systemd-logind: got pause for 13:74
